<?xml version="1.0" encoding="UTF-8"?>
<!-- Generated by org.testng.reporters.JUnitXMLReporter -->
<testsuite ignored="0" hostname="apoorvyadav-l" failures="0" tests="4" name="Surefire test" time="9.083" errors="0" timestamp="2025-04-14T12:02:32 IST">
  <testcase classname="api.test.DataDrivenTests" name="testPostUser" time="0.017"/>
  <testcase classname="api.test.DataDrivenTests" name="testPostUser" time="0.001"/>
  <testcase classname="api.test.DataDrivenTests" name="testPostUser" time="0.001"/>
  <testcase classname="api.test.UserTests" name="stoDetailsingleorder" time="4.847"/>
</testsuite> <!-- Surefire test -->
