<?xml version="1.0" encoding="UTF-8"?>
<!-- Generated by org.testng.reporters.JUnitXMLReporter -->
<testsuite ignored="0" hostname="apoorvyadav-l" failures="0" tests="4" name="Surefire test" time="5.012" errors="0" timestamp="2025-04-16T09:52:50 IST">
  <testcase classname="api.test.DataDrivenTests" name="testPostUser" time="0.011"/>
  <testcase classname="api.test.DataDrivenTests" name="testPostUser" time="0.001"/>
  <testcase classname="api.test.DataDrivenTests" name="testPostUser" time="0.001"/>
  <testcase classname="api.test.UserTests" name="stoDetailsingleorder" time="2.53"/>
</testsuite> <!-- Surefire test -->
