<?xml version="1.0" encoding="UTF-8"?>
<testng-results ignored="0" total="1" passed="1" failed="0" skipped="0">
  <reporter-output>
  </reporter-output>
  <suite started-at="2025-04-20T16:28:01 IST" name="Suite" finished-at="2025-04-20T16:28:05 IST" duration-ms="3711">
    <groups>
    </groups>
    <test started-at="2025-04-20T16:28:01 IST" name="Test" finished-at="2025-04-20T16:28:05 IST" duration-ms="3711">
      <class name="api.test.UserTests">
        <test-method is-config="true" signature="setupData()[pri:0, instance:api.test.UserTests@59309333]" started-at="2025-04-20T16:28:01 IST" name="setupData" finished-at="2025-04-20T16:28:01 IST" duration-ms="75" status="PASS">
          <reporter-output>
          </reporter-output>
        </test-method> <!-- setupData -->
        <test-method signature="stoDetailsingleorder()[pri:1, instance:api.test.UserTests@59309333]" started-at="2025-04-20T16:28:01 IST" name="stoDetailsingleorder" finished-at="2025-04-20T16:28:05 IST" duration-ms="3270" status="PASS">
          <reporter-output>
          </reporter-output>
        </test-method> <!-- stoDetailsingleorder -->
      </class> <!-- api.test.UserTests -->
    </test> <!-- Test -->
  </suite> <!-- Suite -->
</testng-results>
