<?xml version="1.0" encoding="UTF-8"?>
<testsuite xmlns:xsi="http://www.w3.org/2001/XMLSchema-instance" xsi:noNamespaceSchemaLocation="https://maven.apache.org/surefire/maven-surefire-plugin/xsd/surefire-test-report.xsd" version="3.0.2" name="TestSuite" time="10.259" tests="4" errors="0" skipped="0" failures="0">
  <properties>
[...]
</properties>
  <testcase name="testPostUser[1010, testuser1, john, kennedy, john@gmail.com, test@1, 1234567](1)" classname="api.test.DataDrivenTests" time="0.019">
    <system-err><![CDATA[SLF4J: Failed to load class "org.slf4j.impl.StaticLoggerBinder".
SLF4J: Defaulting to no-operation (NOP) logger implementation
SLF4J: See http://www.slf4j.org/codes.html#StaticLoggerBinder for further details.
]]></system-err>
  </testcase>
  <testcase name="testPostUser[1020, testuser2, kim, lee, kim@gmail.com, test@2, 7654321](2)" classname="api.test.DataDrivenTests" time="0.0"/>
  <testcase name="testPostUser[1030, testuser3, smith, woods, smith@gmail.com, test@3, 2123456](3)" classname="api.test.DataDrivenTests" time="0.0"/>
  <testcase name="stoDetailsingleorder" classname="api.test.UserTests" time="4.859">
    <system-out><![CDATA[HTTP/1.1 200 OK
Date: Mon, 14 Apr 2025 06:32:33 GMT
Content-Type: application/json
Transfer-Encoding: chunked
Connection: keep-alive
Set-Cookie: AWSALBTG=W7v1CLzfbCaxQGjoojEHw43cGPFtqnUpJamQL0X66qnJYLB3FXE0qMk1UVtlFRLV9fRzTTPzN2P7UunkVI6Gl5jskhCct6rNfWocR40AFQZNF5E+NjwLxoofB7RZrDT0NjNOTrb1mEKHcYzc80FHOjhE/5UTj+2DBdEyN5TlxrXU; Expires=Mon, 21 Apr 2025 06:32:33 GMT; Path=/
Set-Cookie: AWSALBTGCORS=W7v1CLzfbCaxQGjoojEHw43cGPFtqnUpJamQL0X66qnJYLB3FXE0qMk1UVtlFRLV9fRzTTPzN2P7UunkVI6Gl5jskhCct6rNfWocR40AFQZNF5E+NjwLxoofB7RZrDT0NjNOTrb1mEKHcYzc80FHOjhE/5UTj+2DBdEyN5TlxrXU; Expires=Mon, 21 Apr 2025 06:32:33 GMT; Path=/; SameSite=None; Secure
Set-Cookie: AWSALB=X9EImD3A/K3UMxe8k9XXNNz3mvU+xDlSxDXDOeaaV66UuKeVQ2Bu9WzbTvKZg3S3d3AYwnfpMcAte17Iwh031k4B2F1s4QbY7whwJ4qDyAgMfGd6sSKHNNJXkGmc; Expires=Mon, 21 Apr 2025 06:32:33 GMT; Path=/
Set-Cookie: AWSALBCORS=X9EImD3A/K3UMxe8k9XXNNz3mvU+xDlSxDXDOeaaV66UuKeVQ2Bu9WzbTvKZg3S3d3AYwnfpMcAte17Iwh031k4B2F1s4QbY7whwJ4qDyAgMfGd6sSKHNNJXkGmc; Expires=Mon, 21 Apr 2025 06:32:33 GMT; Path=/; SameSite=None; Secure
Server: nginx
x-eRetailApi-HitCounter: 1/40
x-eRetailApi-TraceId: 43A71235B6794BAD99BA31304F730F07
Content-Encoding: gzip

{
    "responseCode": 0,
    "responseMessage": "Success",
    "currentPage": 1,
    "totalPages": 1,
    "stoList": [
        {
            "extOrderNo": "NWB24027",
            "orderNo": "NWB24027",
            "status": "Packed",
            "stoType": "Normal",
            "remarks": "",
            "orderQty": "2.0",
            "orderAmount": "4717.751",
            "orderLines": "1",
            "ordertaxAmount": "505.473",
            "orderDate": "08/04/2025 13:23:03",
            "createdDate": "08/04/2025 13:23:03",
            "updatedDate": "08/04/2025 16:20:01",
            "fromSiteCode": "NWB",
            "fromSiteName": "Nykaa Warehouse Mumbai",
            "toSiteCode": "",
            "toSiteName": "",
            "udf1": "",
            "udf2": "",
            "udf3": "",
            "udf4": "",
            "udf5": "",
            "udf6": "",
            "udf7": "",
            "udf8": "",
            "udf9": "CALLEDFRMSCREEN",
            "udf10": "",
            "shipmentDetail": [
                {
                    "deliveryNumber": "NWB402742855",
                    "status": "Packed",
                    "qty": "2.000",
                    "transporter": "Shadowfax-Clickpost",
                    "transporterRemark": "",
                    "transporterStatus": "",
                    "extTransCode": "",
                    "extTransporterName": "",
                    "trackingNumber": "",
                    "ewayBillNo": "",
                    "irnNo": "",
                    "qrCode": "",
                    "pickDate": "08/04/2025 13:23:57",
                    "packDate": "08/04/2025 16:20:00",
                    "shipDate": "",
                    "manifestNo": "",
                    "inBoundCodes": [
                        
                    ],
                    "udf1": "",
                    "udf2": "",
                    "udf3": "",
                    "udf4": "1",
                    "udf5": "",
                    "dimensions": [
                        {
                            "length": "90.000",
                            "breadth": "46.000",
                            "height": "42.500",
                            "weight": "6.500",
                            "weightUnit": "KG",
                            "dimensionUnit": "CM",
                            "noofboxes": "4"
                        }
                    ],
                    "items": [
                        {
                            "lineno": "1",
                            "extLineNo": "",
                            "sku": "DEO",
                            "imageUrl": "https://adn-static1.nykaa.com/nykdesignstudio-images/tr:w-960,/pub/media/catalog/product/a/6/a6d676aWCGBECOMWDRS3937-BLACK-0.jpg",
                            "itemName": "DEO sku name",
                            "price": "1000.000",
                            "status": "Packed",
                            "orderQty": "2.000",
                            "orderClosedQty": "",
                            "orderOpenQty": "0.000",
                            "orderCommitedQty": "0.000",
                            "orderPickedQty": "2.000",
                            "orderShippedQty": "0.000",
                            "delQty": "2.000",
                            "delPickedQty": "2.000",
                            "invoiceNo": "",
                            "serialNo1": [
                                
                            ],
                            "serialNo2": [
                                
                            ],
                            "serialNo3": [
                                
                            ],
                            "usns": [
                                
                            ],
                            "recievedQty": "",
                            "hsnCode": "62064000",
                            "gstRt": "12.000",
                            "igstRt": "0",
                            "cgstRt": "6.0",
                            "sgstRt": "6.0",
                            "ugstRt": "0",
                            "ugstAmt": "0.000",
                            "taxAmount": "505.470",
                            "igstAmt": "0.000",
                            "cgstAmt": "252.735",
                            "sgstAmt": "252.735",
                            "cesRt": "",
                            "cesAmt": "0.00000",
                            "lotno": "NWB000198715",
                            "lottable01": "1000",
                            "lottable02": "2026-02-03",
                            "lottable03": "",
                            "lottable04": "",
                            "lottable05": "",
                            "lottable06": "200",
                            "lottable07": "",
                            "udf1": "",
                            "udf2": "",
                            "udf3": "",
                            "udf4": "",
                            "udf5": "",
                            "udf6": "",
                            "udf7": "",
                            "udf8": "",
                            "udf9": "",
                            "udf10": "",
                            "unitPrice": "2106.139"
                        }
                    ]
                }
            ]
        }
    ]
}
]]></system-out>
  </testcase>
</testsuite>