<?xml version="1.0" encoding="UTF-8"?>
<testsuite xmlns:xsi="http://www.w3.org/2001/XMLSchema-instance" xsi:noNamespaceSchemaLocation="https://maven.apache.org/surefire/maven-surefire-plugin/xsd/surefire-test-report-3.0.xsd" version="3.0" name="TestSuite" time="4.786" tests="1" errors="0" skipped="0" failures="0">
  <properties>
[...]
</properties>
  <testcase name="stoDetailsingleorder" classname="api.test.UserTests" time="3.273">
    <system-out><![CDATA[checking
HTTP/1.1 200 OK
Date: Sun, 20 Apr 2025 10:58:06 GMT
Content-Type: application/json
Transfer-Encoding: chunked
Connection: keep-alive
Set-Cookie: AWSALBTG=m0VPLIo49OxqVPcasWzpewYaZvuAWBEtPdIYmr5jau0JSvzN6mLMr8j1wPuBgHnRNRUqV4QTmjrQjD2gx1HntZYH5CztBMmpZozBKnRYdoS0jz0yHspGZ4NaPmeVjLmfmRSWgCY6NW/AE7HBYHluNEcZw9W0bPYz3pEAiMcIsdN7; Expires=Sun, 27 Apr 2025 10:58:06 GMT; Path=/
Set-Cookie: AWSALBTGCORS=m0VPLIo49OxqVPcasWzpewYaZvuAWBEtPdIYmr5jau0JSvzN6mLMr8j1wPuBgHnRNRUqV4QTmjrQjD2gx1HntZYH5CztBMmpZozBKnRYdoS0jz0yHspGZ4NaPmeVjLmfmRSWgCY6NW/AE7HBYHluNEcZw9W0bPYz3pEAiMcIsdN7; Expires=Sun, 27 Apr 2025 10:58:06 GMT; Path=/; SameSite=None; Secure
Set-Cookie: AWSALB=ucgTIREGDyUvq6Rbd4eu+prHHy/um+kIgiXUn3VoCw/6rl7o4W/lgSYLQCU3eYgjMdcmTPqnSbHtip+IplzdbgkFiwV1aFL/OFE6+eet0pswbg123RqqHdMPPQSh; Expires=Sun, 27 Apr 2025 10:58:06 GMT; Path=/
Set-Cookie: AWSALBCORS=ucgTIREGDyUvq6Rbd4eu+prHHy/um+kIgiXUn3VoCw/6rl7o4W/lgSYLQCU3eYgjMdcmTPqnSbHtip+IplzdbgkFiwV1aFL/OFE6+eet0pswbg123RqqHdMPPQSh; Expires=Sun, 27 Apr 2025 10:58:06 GMT; Path=/; SameSite=None; Secure
Server: nginx
x-eRetailApi-HitCounter: 1/40
x-eRetailApi-TraceId: EDD88E3A7AFF43FD82C8E97DB9F19800
Content-Encoding: gzip

{
    "responseCode": 0,
    "responseMessage": "Success",
    "currentPage": 1,
    "totalPages": 1,
    "stoList": [
        {
            "extOrderNo": "NWB24027",
            "orderNo": "NWB24027",
            "status": "Packed",
            "stoType": "Normal",
            "remarks": "",
            "orderQty": "2.0",
            "orderAmount": "4717.751",
            "orderLines": "1",
            "ordertaxAmount": "505.473",
            "orderDate": "08/04/2025 13:23:03",
            "createdDate": "08/04/2025 13:23:03",
            "updatedDate": "08/04/2025 16:20:01",
            "fromSiteCode": "NWB",
            "fromSiteName": "Nykaa Warehouse Mumbai",
            "toSiteCode": "",
            "toSiteName": "",
            "udf1": "",
            "udf2": "",
            "udf3": "",
            "udf4": "",
            "udf5": "",
            "udf6": "",
            "udf7": "",
            "udf8": "",
            "udf9": "CALLEDFRMSCREEN",
            "udf10": "",
            "shipmentDetail": [
                {
                    "deliveryNumber": "NWB402742855",
                    "status": "Packed",
                    "qty": "2.000",
                    "transporter": "Shadowfax-Clickpost",
                    "transporterRemark": "",
                    "transporterStatus": "",
                    "extTransCode": "",
                    "extTransporterName": "",
                    "trackingNumber": "",
                    "ewayBillNo": "",
                    "irnNo": "",
                    "qrCode": "",
                    "pickDate": "08/04/2025 13:23:57",
                    "packDate": "08/04/2025 16:20:00",
                    "shipDate": "",
                    "manifestNo": "",
                    "inBoundCodes": [
                        
                    ],
                    "udf1": "",
                    "udf2": "",
                    "udf3": "",
                    "udf4": "1",
                    "udf5": "",
                    "dimensions": [
                        {
                            "length": "90.000",
                            "breadth": "46.000",
                            "height": "42.500",
                            "weight": "6.500",
                            "weightUnit": "KG",
                            "dimensionUnit": "CM",
                            "noofboxes": "4"
                        }
                    ],
                    "items": [
                        {
                            "lineno": "1",
                            "extLineNo": "",
                            "sku": "DEO",
                            "imageUrl": "https://adn-static1.nykaa.com/nykdesignstudio-images/tr:w-960,/pub/media/catalog/product/a/6/a6d676aWCGBECOMWDRS3937-BLACK-0.jpg",
                            "itemName": "DEO sku name",
                            "price": "1000.000",
                            "status": "Packed",
                            "orderQty": "2.000",
                            "orderClosedQty": "",
                            "orderOpenQty": "0.000",
                            "orderCommitedQty": "0.000",
                            "orderPickedQty": "2.000",
                            "orderShippedQty": "0.000",
                            "delQty": "2.000",
                            "delPickedQty": "2.000",
                            "invoiceNo": "",
                            "serialNo1": [
                                
                            ],
                            "serialNo2": [
                                
                            ],
                            "serialNo3": [
                                
                            ],
                            "usns": [
                                
                            ],
                            "recievedQty": "",
                            "hsnCode": "62064000",
                            "gstRt": "12.000",
                            "igstRt": "0",
                            "cgstRt": "6.0",
                            "sgstRt": "6.0",
                            "ugstRt": "0",
                            "ugstAmt": "0.000",
                            "taxAmount": "505.470",
                            "igstAmt": "0.000",
                            "cgstAmt": "252.735",
                            "sgstAmt": "252.735",
                            "cesRt": "",
                            "cesAmt": "0.00000",
                            "lotno": "NWB000198715",
                            "lottable01": "1000",
                            "lottable02": "2026-02-03",
                            "lottable03": "",
                            "lottable04": "",
                            "lottable05": "",
                            "lottable06": "200",
                            "lottable07": "",
                            "udf1": "",
                            "udf2": "",
                            "udf3": "",
                            "udf4": "",
                            "udf5": "",
                            "udf6": "",
                            "udf7": "",
                            "udf8": "",
                            "udf9": "",
                            "udf10": "",
                            "unitPrice": "2106.139"
                        }
                    ]
                }
            ]
        }
    ]
}
]]></system-out>
    <system-err><![CDATA[SLF4J: Failed to load class "org.slf4j.impl.StaticLoggerBinder".
SLF4J: Defaulting to no-operation (NOP) logger implementation
SLF4J: See http://www.slf4j.org/codes.html#StaticLoggerBinder for further details.
]]></system-err>
  </testcase>
</testsuite>