<?xml version="1.0" encoding="UTF-8"?>
<testng-results ignored="0" total="1" passed="1" failed="0" skipped="0">
  <reporter-output>
  </reporter-output>
  <suite started-at="2025-04-09T16:22:37 IST" name="Suite" finished-at="2025-04-09T16:22:40 IST" duration-ms="3396">
    <groups>
    </groups>
    <test started-at="2025-04-09T16:22:37 IST" name="Test" finished-at="2025-04-09T16:22:40 IST" duration-ms="3396">
      <class name="api.test.UserTests">
        <test-method is-config="true" signature="setupData()[pri:0, instance:api.test.UserTests@6a6cb05c]" started-at="2025-04-09T16:22:37 IST" name="setupData" finished-at="2025-04-09T16:22:37 IST" duration-ms="81" status="PASS">
          <reporter-output>
          </reporter-output>
        </test-method> <!-- setupData -->
        <test-method signature="singleOrder()[pri:1, instance:api.test.UserTests@6a6cb05c]" started-at="2025-04-09T16:22:37 IST" name="singleOrder" finished-at="2025-04-09T16:22:40 IST" duration-ms="2881" status="PASS">
          <reporter-output>
          </reporter-output>
        </test-method> <!-- singleOrder -->
      </class> <!-- api.test.UserTests -->
    </test> <!-- Test -->
  </suite> <!-- Suite -->
</testng-results>
