<?xml version="1.0" encoding="UTF-8"?>
<!-- Generated by org.testng.reporters.JUnitReportReporter -->
<testsuite hostname="apoorvyadav-l" failures="0" tests="6" name="api.test.DataDrivenTests" time="7.758" errors="0" timestamp="2024-05-21T22:40:59 IST" skipped="0">
  <testcase classname="api.test.DataDrivenTests" name="testPostUser" time="0.002"/>
  <testcase classname="api.test.DataDrivenTests" name="testPostUser" time="0.003"/>
  <testcase classname="api.test.DataDrivenTests" name="testPostUser" time="0.037"/>
  <testcase classname="api.test.DataDrivenTests" name="testDeleteUserByName" time="2.341"/>
  <testcase classname="api.test.DataDrivenTests" name="testDeleteUserByName" time="4.062"/>
  <testcase classname="api.test.DataDrivenTests" name="testDeleteUserByName" time="1.313"/>
</testsuite> <!-- api.test.DataDrivenTests -->
