<?xml version="1.0" encoding="UTF-8"?>
<!-- Generated by org.testng.reporters.JUnitReportReporter -->
<testsuite hostname="apoorvyadav-l" failures="0" tests="3" name="api.test.DataDrivenTests" time="0.019" errors="0" timestamp="2025-04-14T12:02:32 IST" skipped="0">
  <testcase classname="api.test.DataDrivenTests" name="testPostUser" time="0.017"/>
  <testcase classname="api.test.DataDrivenTests" name="testPostUser" time="0.001"/>
  <testcase classname="api.test.DataDrivenTests" name="testPostUser" time="0.001"/>
</testsuite> <!-- api.test.DataDrivenTests -->
